[debug] [2022-11-12T05:27:38.871Z] ----------------------------------------------------------------------
[debug] [2022-11-12T05:27:38.873Z] Command:       C:\Program Files\nodejs\node.exe C:\Users\larai\AppData\Roaming\npm\node_modules\firebase-tools\lib\bin\firebase.js init
[debug] [2022-11-12T05:27:38.873Z] CLI Version:   11.16.0
[debug] [2022-11-12T05:27:38.873Z] Platform:      win32
[debug] [2022-11-12T05:27:38.873Z] Node Version:  v16.16.0
[debug] [2022-11-12T05:27:38.874Z] Time:          Sat Nov 12 2022 10:57:38 GMT+0530 (India Standard Time)
[debug] [2022-11-12T05:27:38.875Z] ----------------------------------------------------------------------
[debug] 
[debug] [2022-11-12T05:27:38.882Z] > command requires scopes: ["email","openid","https://www.googleapis.com/auth/cloudplatformprojects.readonly","https://www.googleapis.com/auth/firebase","https://www.googleapis.com/auth/cloud-platform"]
[debug] [2022-11-12T05:27:38.883Z] > authorizing via signed-in user (laraibmallick7@gmail.com)
[info] 
     ######## #### ########  ######## ########     ###     ######  ########
     ##        ##  ##     ## ##       ##     ##  ##   ##  ##       ##
     ######    ##  ########  ######   ########  #########  ######  ######
     ##        ##  ##    ##  ##       ##     ## ##     ##       ## ##
     ##       #### ##     ## ######## ########  ##     ##  ######  ########

You're about to initialize a Firebase project in this directory:

  C:\Users\larai\OneDrive\Desktop\laraib\ReactJs\youtube-clone

[info] 
=== Project Setup
[info] 
[info] First, let's associate this project directory with a Firebase project.
[info] You can create multiple project aliases by running firebase use --add, 
[info] but for now we'll just set up a default project.
[info] 
[debug] [2022-11-12T05:32:58.388Z] >>> [apiv2][query] GET https://firebase.googleapis.com/v1beta1/projects pageSize=100
[debug] [2022-11-12T05:32:59.379Z] <<< [apiv2][status] GET https://firebase.googleapis.com/v1beta1/projects 200
[debug] [2022-11-12T05:32:59.379Z] <<< [apiv2][body] GET https://firebase.googleapis.com/v1beta1/projects [omitted]
[info] i  Using project clone-18fc8 (youtube-clone) 
[info] 
=== Database Setup
[info] i  database: ensuring required API firebasedatabase.googleapis.com is enabled... 
[debug] [2022-11-12T05:33:04.339Z] >>> [apiv2][query] GET https://serviceusage.googleapis.com/v1/projects/clone-18fc8/services/firebasedatabase.googleapis.com [none]
[debug] [2022-11-12T05:33:04.339Z] >>> [apiv2][(partial)header] GET https://serviceusage.googleapis.com/v1/projects/clone-18fc8/services/firebasedatabase.googleapis.com x-goog-quota-user=projects/clone-18fc8
[debug] [2022-11-12T05:33:06.329Z] <<< [apiv2][status] GET https://serviceusage.googleapis.com/v1/projects/clone-18fc8/services/firebasedatabase.googleapis.com 200
[debug] [2022-11-12T05:33:06.329Z] <<< [apiv2][body] GET https://serviceusage.googleapis.com/v1/projects/clone-18fc8/services/firebasedatabase.googleapis.com [omitted]
[warn] !  database: missing required API firebasedatabase.googleapis.com. Enabling now... 
[debug] [2022-11-12T05:33:06.330Z] >>> [apiv2][query] POST https://serviceusage.googleapis.com/v1/projects/clone-18fc8/services/firebasedatabase.googleapis.com:enable [none]
[debug] [2022-11-12T05:33:06.330Z] >>> [apiv2][(partial)header] POST https://serviceusage.googleapis.com/v1/projects/clone-18fc8/services/firebasedatabase.googleapis.com:enable x-goog-quota-user=projects/clone-18fc8
[debug] [2022-11-12T05:33:08.347Z] <<< [apiv2][status] POST https://serviceusage.googleapis.com/v1/projects/clone-18fc8/services/firebasedatabase.googleapis.com:enable 200
[debug] [2022-11-12T05:33:08.348Z] <<< [apiv2][body] POST https://serviceusage.googleapis.com/v1/projects/clone-18fc8/services/firebasedatabase.googleapis.com:enable [omitted]
[debug] [2022-11-12T05:33:18.349Z] >>> [apiv2][query] GET https://serviceusage.googleapis.com/v1/projects/clone-18fc8/services/firebasedatabase.googleapis.com [none]
[debug] [2022-11-12T05:33:18.350Z] >>> [apiv2][(partial)header] GET https://serviceusage.googleapis.com/v1/projects/clone-18fc8/services/firebasedatabase.googleapis.com x-goog-quota-user=projects/clone-18fc8
[debug] [2022-11-12T05:33:20.282Z] <<< [apiv2][status] GET https://serviceusage.googleapis.com/v1/projects/clone-18fc8/services/firebasedatabase.googleapis.com 200
[debug] [2022-11-12T05:33:20.283Z] <<< [apiv2][body] GET https://serviceusage.googleapis.com/v1/projects/clone-18fc8/services/firebasedatabase.googleapis.com [omitted]
[info] +  database: required API firebasedatabase.googleapis.com is enabled 
[info] 
[debug] [2022-11-12T05:33:20.286Z] >>> [apiv2][query] GET https://firebase.googleapis.com/v1beta1/projects/clone-18fc8 [none]
[debug] [2022-11-12T05:33:20.802Z] <<< [apiv2][status] GET https://firebase.googleapis.com/v1beta1/projects/clone-18fc8 200
[debug] [2022-11-12T05:33:20.802Z] <<< [apiv2][body] GET https://firebase.googleapis.com/v1beta1/projects/clone-18fc8 {"projectId":"clone-18fc8","projectNumber":"468264330404","displayName":"youtube-clone","name":"projects/clone-18fc8","resources":{"hostingSite":"clone-18fc8"},"state":"ACTIVE","etag":"1_62a4cdfb-db91-4b8f-9b82-d1ac8749520b"}
